<?xml version="1.0" encoding="UTF-8" ?>
<testsuite tests="4" failures="0" name="cucumberOptions.TestRunner" time="8.405" errors="0" skipped="0">
  <properties>
[...]
</properties>
  <testcase classname="Add/Update/Delete place modifications in map" name="Verify if places can be added successfully using AddPlaceApi" time="7.259"/>
  <testcase classname="Add/Update/Delete place modifications in map" name="Verify if places can be added successfully using AddPlaceApi" time="0.765"/>
  <testcase classname="Add/Update/Delete place modifications in map" name="Verify if delete place api is working" time="0.35"/>
  <testcase classname="Synchroneous Message Routing" name="Route embedded HL7 message to CIE for CDE via synchroneous flow" time="0.031"/>
</testsuite>